1711095694103:test
1711095739951:test2
1711095745517:test
1711095748820:test2
1711095901078:multi
1711095929836:help
1711095941373:single
1711095977773:confirmation
1711095982252:multi
1711097166502:help
1711108132218:addProjct
1711108137776:addProject
1711108163929:addProject AGO.21_22 CoreEntity
1711108943282:load AGO.21_22_CoreEntity.ago
1711111556738:addProject AGO.01_22 Test1
1711111562992:load AGO.01_22 Test1
1711111598369:load AGO.01_22_Test1.ago
1711111689795:addProject 235 test2
1711111700680:load 235_test2.ago
1711111765138:addProject 1 2
1711111770689:load 1_2.ago
